<?xml version="1.0" encoding="UTF-8"?>
<!-- Generated by org.testng.reporters.JUnitReportReporter -->
<testsuite hostname="LAPTOP-GDKVI6VD" failures="0" tests="1" name="com.aspire.test.ValidateOrder" time="81.429" errors="0" timestamp="2022-01-24T23:53:09 IST" skipped="0">
  <testcase classname="com.aspire.test.ValidateOrder" name="ValidateOrderTest" time="81.429"/>
  <system-out/>
</testsuite> <!-- com.aspire.test.ValidateOrder -->
