<?xml version="1.0" encoding="UTF-8"?>
<!-- Generated by org.testng.reporters.JUnitReportReporter -->
<testsuite skipped="0" hostname="LAPTOP-GDKVI6VD" name="com.aspire.test.ValidateOrder" tests="1" failures="0" timestamp="2022-01-25T00:20:49 IST" time="83.574" errors="0">
  <testcase name="ValidateOrderTest" time="83.574" classname="com.aspire.test.ValidateOrder"/>
  <system-out/>
</testsuite> <!-- com.aspire.test.ValidateOrder -->
